<?xml version="1.0" encoding="UTF-8"?>
<testsuite name="question1.AppTest" tests="1" skipped="0" failures="0" errors="0" timestamp="2024-01-23T03:13:31" hostname="DESKTOP-2HQLI4K" time="0.02">
  <properties/>
  <testcase name="testCase1()" classname="question1.AppTest" time="0.02"/>
  <system-out><![CDATA[]]></system-out>
  <system-err><![CDATA[]]></system-err>
</testsuite>
